[debug] [2024-07-24T08:54:58.489Z] ----------------------------------------------------------------------
[debug] [2024-07-24T08:54:58.493Z] Command:       /nix/store/aspnwxp3q1wvg8jd1zg0295zmhr3lkb3-nodejs-18.19.1/bin/node /nix/store/pf4ama10fsjb161xrxgsyqi21qm10wc6-firebase-tools-13.13.1/lib/node_modules/firebase-tools/lib/bin/firebase.js login --no-localhost
[debug] [2024-07-24T08:54:58.494Z] CLI Version:   13.13.1
[debug] [2024-07-24T08:54:58.494Z] Platform:      linux
[debug] [2024-07-24T08:54:58.495Z] Node Version:  v18.19.1
[debug] [2024-07-24T08:54:58.495Z] Time:          Wed Jul 24 2024 08:54:58 GMT+0000 (Coordinated Universal Time)
[debug] [2024-07-24T08:54:58.495Z] ----------------------------------------------------------------------
[debug] 
[debug] [2024-07-24T08:54:58.501Z] >>> [apiv2][query] GET https://firebase-public.firebaseio.com/cli.json [none]
[info] i  Firebase optionally collects CLI and Emulator Suite usage and error reporting information to help improve our products. Data is collected in accordance with Google's privacy policy (https://policies.google.com/privacy) and is not used to identify you.
 
[debug] [2024-07-24T08:54:59.681Z] <<< [apiv2][status] GET https://firebase-public.firebaseio.com/cli.json 200
[debug] [2024-07-24T08:54:59.681Z] <<< [apiv2][body] GET https://firebase-public.firebaseio.com/cli.json {"cloudBuildErrorAfter":1594252800000,"cloudBuildWarnAfter":1590019200000,"defaultNode10After":1594252800000,"minVersion":"3.0.5","node8DeploysDisabledAfter":1613390400000,"node8RuntimeDisabledAfter":1615809600000,"node8WarnAfter":1600128000000}
[debug] [2024-07-24T08:56:01.600Z] >>> [apiv2][query] POST https://auth.firebase.tools/attest [none]
[debug] [2024-07-24T08:56:01.600Z] >>> [apiv2][body] POST https://auth.firebase.tools/attest {"session_id":"4b10d79f-ae24-45f7-9371-b8a43bf1648b"}
[debug] [2024-07-24T08:56:01.958Z] <<< [apiv2][status] POST https://auth.firebase.tools/attest 200
[debug] [2024-07-24T08:56:01.960Z] <<< [apiv2][body] POST https://auth.firebase.tools/attest {"token":"CQShUEf9JYadoJI3B8DBR762NJa89abAVjR8XtcqDuA"}
[info] 
[info] To sign in to the Firebase CLI:
[info] 
[info] 1. Take note of your session ID:
[info] 
[info]    4B10D
[info] 
[info] 2. Visit the URL below on any device and follow the instructions to get your code:
[info] 
[info]    https://auth.firebase.tools/login?code_challenge=vIPdMGEesnufBMa3FiWuER_1q_XICbwGCtHUe8jS-uA&session=4b10d79f-ae24-45f7-9371-b8a43bf1648b&attest=CQShUEf9JYadoJI3B8DBR762NJa89abAVjR8XtcqDuA
[info] 
[info] 3. Paste or enter the authorization code below once you have it:
[info] 
